<?xml version="1.0" encoding="UTF-8"?>
<!-- Generated by org.testng.reporters.JUnitReportReporter -->
<testsuite hostname="MP-EMP-N19" failures="0" tests="1" name="com.herokuapp.theinternet.PositiveTests" time="19.373" errors="0" timestamp="2022-11-24T13:15:30 GMT+04:00" skipped="0">
  <testcase classname="com.herokuapp.theinternet.PositiveTests" name="loginTest" time="19.373"/>
  <system-out/>
</testsuite> <!-- com.herokuapp.theinternet.PositiveTests -->
